<?xml version="1.0" encoding="utf-8"?><testsuites name="pytest tests"><testsuite name="pytest" errors="0" failures="0" skipped="0" tests="14" time="8.395" timestamp="2026-02-19T19:38:39.767331+00:00" hostname="agent-env-5e494222-ce20-4480-bdc1-871c8a3f8f3d"><testcase classname="tests.test_branding_features.TestBrandingUploadEndpoint" name="test_01_upload_valid_png_file" time="0.329" /><testcase classname="tests.test_branding_features.TestBrandingUploadEndpoint" name="test_02_upload_valid_jpg_file" time="0.193" /><testcase classname="tests.test_branding_features.TestBrandingUploadEndpoint" name="test_03_reject_invalid_file_type" time="0.174" /><testcase classname="tests.test_branding_features.TestBrandingUploadEndpoint" name="test_04_reject_large_file" time="0.637" /><testcase classname="tests.test_branding_features.TestSouvenirOrderWithBranding" name="test_05_create_souvenir_order_without_branding" time="1.014" /><testcase classname="tests.test_branding_features.TestSouvenirOrderWithBranding" name="test_06_create_souvenir_order_with_client_upload_design" time="0.844" /><testcase classname="tests.test_branding_features.TestSouvenirOrderWithBranding" name="test_07_create_souvenir_order_with_temaruco_design" time="1.759" /><testcase classname="tests.test_branding_features.TestAdminBrandedOrdersEndpoint" name="test_08_get_branded_orders_list" time="0.585" /><testcase classname="tests.test_branding_features.TestAdminBrandedOrdersEndpoint" name="test_09_get_branded_orders_filtered_by_status" time="0.454" /><testcase classname="tests.test_branding_features.TestAdminSouvenirsBrandingToggle" name="test_10_create_souvenir_with_branding_enabled" time="0.484" /><testcase classname="tests.test_branding_features.TestAdminSouvenirsBrandingToggle" name="test_11_verify_souvenir_has_branding_field" time="0.538" /><testcase classname="tests.test_branding_features.TestAdminSouvenirsBrandingToggle" name="test_12_update_souvenir_toggle_branding_off" time="0.570" /><testcase classname="tests.test_branding_features.TestAdminSouvenirsBrandingToggle" name="test_13_cleanup_test_souvenir" time="0.574" /><testcase classname="tests.test_branding_features.TestSouvenirsEndpointForBranding" name="test_14_souvenirs_return_branding_fields" time="0.173" /></testsuite></testsuites>