<?xml version="1.0" encoding="utf-8"?><testsuites name="pytest tests"><testsuite name="pytest" errors="0" failures="0" skipped="0" tests="12" time="11.652" timestamp="2026-02-19T13:16:54.013960+00:00" hostname="agent-env-0e2221ef-5dd7-42e6-a736-960d1223a2c3"><testcase classname="tests.test_custom_orders.TestCustomOrdersFeature" name="test_01_create_custom_order_returns_order_id" time="1.534" /><testcase classname="tests.test_custom_orders.TestCustomOrdersFeature" name="test_02_admin_enquiries_returns_counts" time="0.444" /><testcase classname="tests.test_custom_orders.TestCustomOrdersFeature" name="test_03_search_by_order_id_case_insensitive" time="1.693" /><testcase classname="tests.test_custom_orders.TestCustomOrdersFeature" name="test_04_search_by_customer_name" time="0.487" /><testcase classname="tests.test_custom_orders.TestCustomOrdersFeature" name="test_05_filter_by_enquiry_type_custom_order" time="0.448" /><testcase classname="tests.test_custom_orders.TestCustomOrdersFeature" name="test_06_filter_by_enquiry_type_general" time="0.433" /><testcase classname="tests.test_custom_orders.TestCustomOrdersFeature" name="test_07_create_full_quote_from_enquiry" time="1.258" /><testcase classname="tests.test_custom_orders.TestCustomOrdersFeature" name="test_08_search_by_phone_number" time="0.455" /><testcase classname="tests.test_custom_orders.TestCustomOrdersFeature" name="test_09_search_by_email" time="0.472" /><testcase classname="tests.test_custom_orders.TestCustomOrdersFeature" name="test_10_enquiry_contains_all_required_fields" time="1.268" /><testcase classname="tests.test_custom_orders.TestCustomOrdersFeature" name="test_11_update_enquiry_status" time="1.231" /><testcase classname="tests.test_custom_orders.TestCustomOrdersFeature" name="test_12_get_single_enquiry_details" time="1.851" /></testsuite></testsuites>