<?xml version="1.0" encoding="utf-8"?><testsuites name="pytest tests"><testsuite name="pytest" errors="0" failures="0" skipped="0" tests="18" time="2.937" timestamp="2026-02-19T14:01:43.493256+00:00" hostname="agent-env-4f04aae8-cee0-4bc7-b9cc-111d68b2bb9b"><testcase classname="tests.test_file_manager_suppliers.TestSouvenirSuppliersAPI" name="test_01_get_souvenir_suppliers_endpoint" time="0.653" /><testcase classname="tests.test_file_manager_suppliers.TestSouvenirSuppliersAPI" name="test_02_create_souvenir_supplier" time="0.116" /><testcase classname="tests.test_file_manager_suppliers.TestSouvenirSuppliersAPI" name="test_03_get_single_supplier" time="0.063" /><testcase classname="tests.test_file_manager_suppliers.TestSouvenirSuppliersAPI" name="test_04_search_suppliers_by_company_name" time="0.074" /><testcase classname="tests.test_file_manager_suppliers.TestSouvenirSuppliersAPI" name="test_05_search_suppliers_by_phone" time="0.082" /><testcase classname="tests.test_file_manager_suppliers.TestSouvenirSuppliersAPI" name="test_06_filter_suppliers_by_status_active" time="0.058" /><testcase classname="tests.test_file_manager_suppliers.TestSouvenirSuppliersAPI" name="test_07_update_supplier" time="0.127" /><testcase classname="tests.test_file_manager_suppliers.TestSouvenirSuppliersAPI" name="test_08_delete_supplier_soft_delete" time="0.127" /><testcase classname="tests.test_file_manager_suppliers.TestSouvenirSuppliersAPI" name="test_09_filter_suppliers_by_status_inactive" time="0.065" /><testcase classname="tests.test_file_manager_suppliers.TestFileManagerAPI" name="test_10_get_files_endpoint" time="0.422" /><testcase classname="tests.test_file_manager_suppliers.TestFileManagerAPI" name="test_11_filter_files_by_type_image" time="0.064" /><testcase classname="tests.test_file_manager_suppliers.TestFileManagerAPI" name="test_12_filter_files_by_type_document" time="0.068" /><testcase classname="tests.test_file_manager_suppliers.TestFileManagerAPI" name="test_13_filter_files_by_source_local" time="0.080" /><testcase classname="tests.test_file_manager_suppliers.TestFileManagerAPI" name="test_14_filter_files_by_source_supabase" time="0.068" /><testcase classname="tests.test_file_manager_suppliers.TestFileManagerAPI" name="test_15_search_files" time="0.061" /><testcase classname="tests.test_file_manager_suppliers.TestFileManagerAPI" name="test_16_file_data_structure" time="0.070" /><testcase classname="tests.test_file_manager_suppliers.TestFileManagerAPI" name="test_17_combined_filters" time="0.067" /><testcase classname="tests.test_file_manager_suppliers.TestCleanup" name="test_99_cleanup_test_suppliers" time="0.594" /></testsuite></testsuites>