<?xml version="1.0" encoding="utf-8"?><testsuites name="pytest tests"><testsuite name="pytest" errors="0" failures="0" skipped="0" tests="12" time="11.033" timestamp="2026-02-19T00:51:20.574897+00:00" hostname="agent-env-943c1b56-8988-48ed-89ae-4fc8a0bb627f"><testcase classname="backend.tests.test_moq_feature.TestMOQBackendAPI" name="test_01_create_fabric_with_decimal_moq" time="0.853" /><testcase classname="backend.tests.test_moq_feature.TestMOQBackendAPI" name="test_02_create_fabric_with_default_moq" time="0.781" /><testcase classname="backend.tests.test_moq_feature.TestMOQBackendAPI" name="test_03_update_fabric_moq" time="0.797" /><testcase classname="backend.tests.test_moq_feature.TestMOQBackendAPI" name="test_04_create_souvenir_with_integer_moq" time="1.013" /><testcase classname="backend.tests.test_moq_feature.TestMOQBackendAPI" name="test_05_souvenir_moq_converts_to_integer" time="0.818" /><testcase classname="backend.tests.test_moq_feature.TestMOQBackendAPI" name="test_06_update_souvenir_moq" time="0.930" /><testcase classname="backend.tests.test_moq_feature.TestMOQBackendAPI" name="test_07_invalid_moq_defaults_to_one" time="0.731" /><testcase classname="backend.tests.test_moq_feature.TestMOQBackendAPI" name="test_08_negative_moq_defaults_to_one" time="0.737" /><testcase classname="backend.tests.test_moq_feature.TestMOQBackendAPI" name="test_09_fabrics_api_returns_moq" time="0.521" /><testcase classname="backend.tests.test_moq_feature.TestMOQBackendAPI" name="test_10_souvenirs_api_returns_moq" time="0.565" /><testcase classname="backend.tests.test_moq_feature.TestMOQOrderValidation" name="test_11_fabric_order_with_valid_quantity" time="1.627" /><testcase classname="backend.tests.test_moq_feature.TestMOQOrderValidation" name="test_12_souvenir_order_with_valid_quantity" time="1.587" /></testsuite></testsuites>