<?xml version="1.0" encoding="utf-8"?><testsuites name="pytest tests"><testsuite name="pytest" errors="0" failures="2" skipped="0" tests="12" time="10.172" timestamp="2026-02-19T00:44:42.870437+00:00" hostname="agent-env-943c1b56-8988-48ed-89ae-4fc8a0bb627f"><testcase classname="backend.tests.test_moq_feature.TestMOQBackendAPI" name="test_01_create_fabric_with_decimal_moq" time="0.808" /><testcase classname="backend.tests.test_moq_feature.TestMOQBackendAPI" name="test_02_create_fabric_with_default_moq" time="0.710" /><testcase classname="backend.tests.test_moq_feature.TestMOQBackendAPI" name="test_03_update_fabric_moq" time="0.805" /><testcase classname="backend.tests.test_moq_feature.TestMOQBackendAPI" name="test_04_create_souvenir_with_integer_moq" time="0.692" /><testcase classname="backend.tests.test_moq_feature.TestMOQBackendAPI" name="test_05_souvenir_moq_converts_to_integer" time="0.686" /><testcase classname="backend.tests.test_moq_feature.TestMOQBackendAPI" name="test_06_update_souvenir_moq" time="0.738" /><testcase classname="backend.tests.test_moq_feature.TestMOQBackendAPI" name="test_07_invalid_moq_defaults_to_one" time="0.687" /><testcase classname="backend.tests.test_moq_feature.TestMOQBackendAPI" name="test_08_negative_moq_defaults_to_one" time="0.685" /><testcase classname="backend.tests.test_moq_feature.TestMOQBackendAPI" name="test_09_fabrics_api_returns_moq" time="0.604"><failure message="AssertionError: Fabric Premium Cotton missing moq_value&#10;assert 'moq_value' in {'created_at': '2026-02-14T00:01:09.893583+00:00', 'description': 'High-quality 100% cotton fabric, perfect for shirts and dresses', 'id': '7915f249-ac95-49a7-84d2-d1dab8d3d456', 'image_url': 'https://placehold.co/400x500/e2e8f0/64748b?text=Premium+Cotton', ...}">backend/tests/test_moq_feature.py:274: in test_09_fabrics_api_returns_moq
    assert 'moq_value' in fabric, f"Fabric {fabric.get('name')} missing moq_value"
E   AssertionError: Fabric Premium Cotton missing moq_value
E   assert 'moq_value' in {'created_at': '2026-02-14T00:01:09.893583+00:00', 'description': 'High-quality 100% cotton fabric, perfect for shirts and dresses', 'id': '7915f249-ac95-49a7-84d2-d1dab8d3d456', 'image_url': 'https://placehold.co/400x500/e2e8f0/64748b?text=Premium+Cotton', ...}</failure></testcase><testcase classname="backend.tests.test_moq_feature.TestMOQBackendAPI" name="test_10_souvenirs_api_returns_moq" time="0.593"><failure message="AssertionError: Souvenir Branded Mug missing moq_value&#10;assert 'moq_value' in {'branded_price': 2200, 'created_at': '2026-02-14T00:01:09.905145+00:00', 'description': 'Ceramic coffee mug, perfect for corporate gifts', 'id': 'bded311f-0896-4e85-aefb-11b172a8ff78', ...}">backend/tests/test_moq_feature.py:290: in test_10_souvenirs_api_returns_moq
    assert 'moq_value' in souvenir, f"Souvenir {souvenir.get('name')} missing moq_value"
E   AssertionError: Souvenir Branded Mug missing moq_value
E   assert 'moq_value' in {'branded_price': 2200, 'created_at': '2026-02-14T00:01:09.905145+00:00', 'description': 'Ceramic coffee mug, perfect for corporate gifts', 'id': 'bded311f-0896-4e85-aefb-11b172a8ff78', ...}</failure></testcase><testcase classname="backend.tests.test_moq_feature.TestMOQOrderValidation" name="test_11_fabric_order_with_valid_quantity" time="1.661" /><testcase classname="backend.tests.test_moq_feature.TestMOQOrderValidation" name="test_12_souvenir_order_with_valid_quantity" time="1.381" /></testsuite></testsuites>