<?xml version="1.0" encoding="utf-8"?><testsuites name="pytest tests"><testsuite name="pytest" errors="0" failures="0" skipped="0" tests="18" time="2.678" timestamp="2026-02-19T20:00:53.753644+00:00" hostname="agent-env-5e494222-ce20-4480-bdc1-871c8a3f8f3d"><testcase classname="backend.tests.test_push_notifications.TestVapidPublicKey" name="test_get_vapid_public_key" time="0.295" /><testcase classname="backend.tests.test_push_notifications.TestPushSettings" name="test_get_push_settings_unauthorized" time="0.219" /><testcase classname="backend.tests.test_push_notifications.TestPushSettings" name="test_get_push_settings_authorized" time="0.549" /><testcase classname="backend.tests.test_push_notifications.TestPushSubscription" name="test_subscribe_without_auth" time="0.189" /><testcase classname="backend.tests.test_push_notifications.TestPushSubscription" name="test_subscribe_missing_subscription" time="0.091" /><testcase classname="backend.tests.test_push_notifications.TestPushSubscription" name="test_subscribe_invalid_format" time="0.064" /><testcase classname="backend.tests.test_push_notifications.TestPushSubscription" name="test_subscribe_valid_subscription" time="0.073" /><testcase classname="backend.tests.test_push_notifications.TestPushSubscription" name="test_verify_subscription_active" time="0.071" /><testcase classname="backend.tests.test_push_notifications.TestPushUnsubscribe" name="test_unsubscribe_without_auth" time="0.149" /><testcase classname="backend.tests.test_push_notifications.TestPushUnsubscribe" name="test_unsubscribe_authorized" time="0.064" /><testcase classname="backend.tests.test_push_notifications.TestPushUnsubscribe" name="test_verify_subscription_inactive" time="0.080" /><testcase classname="backend.tests.test_push_notifications.TestPushSettingsUpdate" name="test_update_settings_without_auth" time="0.154" /><testcase classname="backend.tests.test_push_notifications.TestPushSettingsUpdate" name="test_update_settings_invalid_event" time="0.059" /><testcase classname="backend.tests.test_push_notifications.TestPushSettingsUpdate" name="test_update_settings_valid_events" time="0.174" /><testcase classname="backend.tests.test_push_notifications.TestPushSettingsUpdate" name="test_verify_settings_persisted" time="0.063" /><testcase classname="backend.tests.test_push_notifications.TestPushTestNotification" name="test_send_test_without_auth" time="0.183" /><testcase classname="backend.tests.test_push_notifications.TestPushTestNotification" name="test_send_test_with_subscription" time="0.069" /><testcase classname="backend.tests.test_push_notifications.TestCleanup" name="test_cleanup_unsubscribe" time="0.061" /></testsuite></testsuites>