<?xml version="1.0" encoding="utf-8"?><testsuites name="pytest tests"><testsuite name="pytest" errors="0" failures="0" skipped="0" tests="11" time="4.871" timestamp="2026-02-16T04:08:52.831414+00:00" hostname="agent-env-d612c515-f358-4731-9a46-69c1a522ef4a"><testcase classname="backend.tests.test_pod_guest_tracking.TestPODUploadDesign" name="test_upload_design_returns_temp_design_id" time="0.218" /><testcase classname="backend.tests.test_pod_guest_tracking.TestPODUploadDesign" name="test_upload_design_without_file_fails" time="0.134" /><testcase classname="backend.tests.test_pod_guest_tracking.TestPODLinkDesign" name="test_link_design_to_contact" time="0.310" /><testcase classname="backend.tests.test_pod_guest_tracking.TestPODLinkDesign" name="test_link_design_without_temp_design_id_fails" time="0.116" /><testcase classname="backend.tests.test_pod_guest_tracking.TestPODLinkDesign" name="test_link_design_without_email_fails" time="0.157" /><testcase classname="backend.tests.test_pod_guest_tracking.TestPODLinkDesign" name="test_link_nonexistent_design_fails" time="0.143" /><testcase classname="backend.tests.test_pod_guest_tracking.TestAdminGuestDesignsAPI" name="test_admin_get_all_designs" time="0.574" /><testcase classname="backend.tests.test_pod_guest_tracking.TestAdminGuestDesignsAPI" name="test_admin_filter_assigned_designs" time="0.469" /><testcase classname="backend.tests.test_pod_guest_tracking.TestAdminGuestDesignsAPI" name="test_admin_filter_unassigned_designs" time="0.617" /><testcase classname="backend.tests.test_pod_guest_tracking.TestAdminGuestDesignsAPI" name="test_admin_counts_match_filters" time="0.738" /><testcase classname="backend.tests.test_pod_guest_tracking.TestFullGuestTrackingFlow" name="test_complete_flow_upload_then_link" time="1.275" /></testsuite></testsuites>