<?xml version="1.0" encoding="utf-8"?><testsuites name="pytest tests"><testsuite name="pytest" errors="0" failures="0" skipped="0" tests="24" time="10.506" timestamp="2026-02-16T20:36:32.549974+00:00" hostname="agent-env-461e7583-75e1-429c-b76a-6d8c87eb152c"><testcase classname="backend.tests.test_comprehensive_api.TestHealthAndBasics" name="test_health_endpoint" time="0.260" /><testcase classname="backend.tests.test_comprehensive_api.TestAdminAuth" name="test_admin_login_success" time="0.448" /><testcase classname="backend.tests.test_comprehensive_api.TestAdminAuth" name="test_admin_login_invalid_credentials" time="0.206" /><testcase classname="backend.tests.test_comprehensive_api.TestAdminDashboard" name="test_admin_dashboard" time="0.575" /><testcase classname="backend.tests.test_comprehensive_api.TestAdminDashboard" name="test_admin_orders" time="0.563" /><testcase classname="backend.tests.test_comprehensive_api.TestEmailMarketing" name="test_email_analytics" time="0.613" /><testcase classname="backend.tests.test_comprehensive_api.TestEmailMarketing" name="test_email_settings" time="0.571" /><testcase classname="backend.tests.test_comprehensive_api.TestEmailMarketing" name="test_email_templates" time="0.594" /><testcase classname="backend.tests.test_comprehensive_api.TestEmailMarketing" name="test_email_subscribers" time="0.552" /><testcase classname="backend.tests.test_comprehensive_api.TestEmailMarketing" name="test_email_campaigns" time="0.559" /><testcase classname="backend.tests.test_comprehensive_api.TestEmailMarketing" name="test_email_logs" time="0.534" /><testcase classname="backend.tests.test_comprehensive_api.TestSiteTexts" name="test_get_site_texts" time="0.204" /><testcase classname="backend.tests.test_comprehensive_api.TestSiteTexts" name="test_admin_site_texts" time="0.513" /><testcase classname="backend.tests.test_comprehensive_api.TestGuestDesigns" name="test_admin_guest_designs" time="0.561" /><testcase classname="backend.tests.test_comprehensive_api.TestGuestDesigns" name="test_admin_guest_designs_filter_assigned" time="0.654" /><testcase classname="backend.tests.test_comprehensive_api.TestGuestDesigns" name="test_admin_guest_designs_filter_unassigned" time="0.504" /><testcase classname="backend.tests.test_comprehensive_api.TestProducts" name="test_boutique_products" time="0.134" /><testcase classname="backend.tests.test_comprehensive_api.TestProducts" name="test_fabrics_products" time="0.151" /><testcase classname="backend.tests.test_comprehensive_api.TestProducts" name="test_souvenirs_products" time="0.171" /><testcase classname="backend.tests.test_comprehensive_api.TestProducts" name="test_admin_all_products" time="0.738" /><testcase classname="backend.tests.test_comprehensive_api.TestProducts" name="test_admin_all_products_filter_boutique" time="0.707" /><testcase classname="backend.tests.test_comprehensive_api.TestPOD" name="test_pod_clothing_items" time="0.190" /><testcase classname="backend.tests.test_comprehensive_api.TestOrderTracking" name="test_track_order_invalid" time="0.196" /><testcase classname="backend.tests.test_comprehensive_api.TestCategories" name="test_get_categories" time="0.226" /></testsuite></testsuites>