<?xml version="1.0" encoding="utf-8"?><testsuites name="pytest tests"><testsuite name="pytest" errors="0" failures="0" skipped="0" tests="12" time="13.145" timestamp="2026-02-18T19:57:39.971236+00:00" hostname="agent-env-8e443982-f8b6-40be-9d83-24cbef43f31b"><testcase classname="tests.test_supabase_storage.TestSupabaseStorageIntegration" name="test_01_upload_product_image_returns_supabase_url" time="1.024" /><testcase classname="tests.test_supabase_storage.TestSupabaseStorageIntegration" name="test_02_uploaded_image_is_accessible" time="1.595" /><testcase classname="tests.test_supabase_storage.TestSupabaseStorageIntegration" name="test_03_upload_with_different_folders" time="1.464" /><testcase classname="tests.test_supabase_storage.TestSupabaseStorageIntegration" name="test_04_upload_invalid_file_type_rejected" time="0.526" /><testcase classname="tests.test_supabase_storage.TestSupabaseStorageIntegration" name="test_05_create_fabric_with_supabase_image" time="1.224" /><testcase classname="tests.test_supabase_storage.TestSupabaseStorageIntegration" name="test_06_create_souvenir_with_supabase_image" time="1.153" /><testcase classname="tests.test_supabase_storage.TestSupabaseStorageIntegration" name="test_07_delete_fabric_removes_supabase_image" time="1.994" /><testcase classname="tests.test_supabase_storage.TestSupabaseStorageIntegration" name="test_08_delete_souvenir_removes_supabase_image" time="1.115" /><testcase classname="tests.test_supabase_storage.TestSupabaseStorageIntegration" name="test_09_upload_without_auth_fails" time="0.657" /><testcase classname="tests.test_supabase_storage.TestSupabaseStorageIntegration" name="test_10_upload_png_image" time="0.810" /><testcase classname="tests.test_supabase_storage.TestSupabaseStorageIntegration" name="test_11_upload_webp_image" time="0.817" /><testcase classname="tests.test_supabase_storage.TestSupabaseURLVerification" name="test_12_verify_existing_supabase_images_accessible" time="0.659" /></testsuite></testsuites>